生成启动时间为 2014/11/17 18:55:03。
     1>项目“E:\coding\C++\Tiny\Tiny\Tiny.vcxproj”在节点 2 上(build 个目标)。
     1>InitializeBuildStatus:
         正在创建“Debug\Tiny.unsuccessfulbuild”，因为已指定“AlwaysCreate”。
       ClCompile:
         C:\Program Files (x86)\Microsoft Visual Studio 10.0\VC\bin\CL.exe /c /ZI /nologo /W3 /WX- /Od /Oy- /D WIN32 /D _DEBUG /D _CONSOLE /D _UNICODE /D UNICODE /Gm /EHsc /RTC1 /MDd /GS /fp:precise /Zc:wchar_t /Zc:forScope /Fo"Debug\\" /Fd"Debug\vc100.pdb" /Gd /TC /analyze- /errorReport:prompt ..\code\MAIN.C
         MAIN.C
     1>e:\coding\c++\tiny\code\main.c(55): warning C4996: 'strcpy': This function or variable may be unsafe. Consider using strcpy_s instead. To disable deprecation, use _CRT_SECURE_NO_WARNINGS. See online help for details.
                 c:\program files (x86)\microsoft visual studio 10.0\vc\include\string.h(105) : 参见“strcpy”的声明
     1>e:\coding\c++\tiny\code\main.c(57): warning C4996: 'strcat': This function or variable may be unsafe. Consider using strcat_s instead. To disable deprecation, use _CRT_SECURE_NO_WARNINGS. See online help for details.
                 c:\program files (x86)\microsoft visual studio 10.0\vc\include\string.h(110) : 参见“strcat”的声明
     1>e:\coding\c++\tiny\code\main.c(58): warning C4996: 'fopen': This function or variable may be unsafe. Consider using fopen_s instead. To disable deprecation, use _CRT_SECURE_NO_WARNINGS. See online help for details.
                 c:\program files (x86)\microsoft visual studio 10.0\vc\include\stdio.h(234) : 参见“fopen”的声明
     1>e:\coding\c++\tiny\code\main.c(49): warning C4101: “syntaxTree”: 未引用的局部变量
       ManifestResourceCompile:
         所有输出均为最新。
       Link:
         C:\Program Files (x86)\Microsoft Visual Studio 10.0\VC\bin\link.exe /ERRORREPORT:PROMPT /OUT:"E:\coding\C++\Tiny\Debug\Tiny.exe" /INCREMENTAL /NOLOGO kernel32.lib user32.lib gdi32.lib winspool.lib comdlg32.lib advapi32.lib shell32.lib ole32.lib oleaut32.lib uuid.lib odbc32.lib odbccp32.lib /MANIFEST /ManifestFile:"Debug\Tiny.exe.intermediate.manifest" /MANIFESTUAC:"level='asInvoker' uiAccess='false'" /DEBUG /PDB:"E:\coding\C++\Tiny\Debug\Tiny.pdb" /SUBSYSTEM:CONSOLE /TLBID:1 /DYNAMICBASE /NXCOMPAT /IMPLIB:"E:\coding\C++\Tiny\Debug\Tiny.lib" /MACHINE:X86 Debug\Tiny.exe.embed.manifest.res
         Debug\ANALYZE.obj
         Debug\CGEN.obj
         Debug\CODE.obj
         Debug\MAIN.obj
         Debug\PARSE.obj
         Debug\SCAN.obj
         Debug\SYMTAB.obj
         Debug\UTIL.obj
       Manifest:
         C:\Program Files (x86)\Microsoft SDKs\Windows\v7.0A\bin\mt.exe /nologo /verbose /out:"Debug\Tiny.exe.embed.manifest" /manifest Debug\Tiny.exe.intermediate.manifest
         所有输出均为最新。
       LinkEmbedManifest:
         所有输出均为最新。
         Tiny.vcxproj -> E:\coding\C++\Tiny\Debug\Tiny.exe
       FinalizeBuildStatus:
         正在删除文件“Debug\Tiny.unsuccessfulbuild”。
         正在对“Debug\Tiny.lastbuildstate”执行 Touch 任务。
     1>已完成生成项目“E:\coding\C++\Tiny\Tiny\Tiny.vcxproj”(build 个目标)的操作。

生成成功。

已用时间 00:00:01.89
